Started GET "/" for 127.0.0.1 at 2018-03-11 19:55:51 +0100
Processing by Rails::WelcomeController#index as HTML
  Rendering /home/cthaat/.rvm/gems/ruby-2.4.1/gems/railties-5.1.5/lib/rails/templates/rails/welcome/index.html.erb
  Rendered /home/cthaat/.rvm/gems/ruby-2.4.1/gems/railties-5.1.5/lib/rails/templates/rails/welcome/index.html.erb (2.2ms)
Completed 200 OK in 155ms (Views: 4.8ms)


  [1m[35m (0.1ms)[0m  [1m[34mSELECT sqlite_version(*)[0m
  [1m[35m (12.1ms)[0m  [1m[35mCREATE TABLE "schema_migrations" ("version" varchar NOT NULL PRIMARY KEY)[0m
  [1m[35m (8.7ms)[0m  [1m[35mCREATE TABLE "ar_internal_metadata" ("key" varchar NOT NULL PRIMARY KEY, "value" varchar, "created_at" datetime NOT NULL, "updated_at" datetime NOT NULL)[0m
  [1m[35m (0.2ms)[0m  [1m[34mSELECT "schema_migrations"."version" FROM "schema_migrations" ORDER BY "schema_migrations"."version" ASC[0m
Migrating to CreateArticles (20180311185907)
  [1m[35m (0.1ms)[0m  [1m[36mbegin transaction[0m
  [1m[35m (0.6ms)[0m  [1m[35mCREATE TABLE "articles" ("id" INTEGER PRIMARY KEY AUTOINCREMENT NOT NULL, "article" text, "ajoutepar" text, "created_at" datetime NOT NULL, "updated_at" datetime NOT NULL)[0m
  [1m[35mSQL (0.2ms)[0m  [1m[32mINSERT INTO "schema_migrations" ("version") VALUES (?)[0m  [["version", "20180311185907"]]
  [1m[35m (6.3ms)[0m  [1m[36mcommit transaction[0m
  [1m[36mActiveRecord::InternalMetadata Load (0.1ms)[0m  [1m[34mSELECT  "ar_internal_metadata".* FROM "ar_internal_metadata" WHERE "ar_internal_metadata"."key" = ? LIMIT ?[0m  [["key", "environment"], ["LIMIT", 1]]
  [1m[35m (0.0ms)[0m  [1m[36mbegin transaction[0m
  [1m[35mSQL (0.2ms)[0m  [1m[32mINSERT INTO "ar_internal_metadata" ("key", "value", "created_at", "updated_at") VALUES (?, ?, ?, ?)[0m  [["key", "environment"], ["value", "development"], ["created_at", "2018-03-11 18:59:46.334833"], ["updated_at", "2018-03-11 18:59:46.334833"]]
  [1m[35m (6.3ms)[0m  [1m[36mcommit transaction[0m
  [1m[35m (0.1ms)[0m  [1m[34mSELECT "schema_migrations"."version" FROM "schema_migrations" ORDER BY "schema_migrations"."version" ASC[0m
Started GET "/articles" for 127.0.0.1 at 2018-03-11 20:00:08 +0100
  [1m[35m (0.1ms)[0m  [1m[34mSELECT "schema_migrations"."version" FROM "schema_migrations" ORDER BY "schema_migrations"."version" ASC[0m
Processing by ArticlesController#index as HTML
  Rendering articles/index.html.erb within layouts/application
  [1m[36mArticle Load (0.2ms)[0m  [1m[34mSELECT "articles".* FROM "articles"[0m
  Rendered articles/index.html.erb within layouts/application (2.0ms)
Completed 200 OK in 357ms (Views: 351.0ms | ActiveRecord: 0.4ms)


Started GET "/articles/new" for 127.0.0.1 at 2018-03-11 20:00:10 +0100
Processing by ArticlesController#new as HTML
  Rendering articles/new.html.erb within layouts/application
  Rendered articles/_form.html.erb (16.2ms)
  Rendered articles/new.html.erb within layouts/application (17.3ms)
Completed 200 OK in 66ms (Views: 32.8ms | ActiveRecord: 2.0ms)


Started POST "/articles" for 127.0.0.1 at 2018-03-11 20:00:15 +0100
Processing by ArticlesController#create as HTML
  Parameters: {"utf8"=>"✓", "authenticity_token"=>"2ar7Oz5WMBcCQYwq6afIzNj+E7cx3pNawf7/PEMOhtvX/xxxLl1fN6SlsOWUz5XVmT2orZhs/OZqHSbZKDkhSQ==", "article"=>{"article"=>"pain", "ajoutepar"=>"francis"}, "commit"=>"Create Article"}
  [1m[35m (0.1ms)[0m  [1m[36mbegin transaction[0m
  [1m[35mSQL (0.9ms)[0m  [1m[32mINSERT INTO "articles" ("article", "ajoutepar", "created_at", "updated_at") VALUES (?, ?, ?, ?)[0m  [["article", "pain"], ["ajoutepar", "francis"], ["created_at", "2018-03-11 19:00:15.961515"], ["updated_at", "2018-03-11 19:00:15.961515"]]
  [1m[35m (10.1ms)[0m  [1m[36mcommit transaction[0m
Redirected to http://localhost:3000/articles/1
Completed 302 Found in 16ms (ActiveRecord: 11.1ms)


Started GET "/articles/1" for 127.0.0.1 at 2018-03-11 20:00:15 +0100
Processing by ArticlesController#show as HTML
  Parameters: {"id"=>"1"}
  [1m[36mArticle Load (0.2ms)[0m  [1m[34mSELECT  "articles".* FROM "articles" WHERE "articles"."id" = ? LIMIT ?[0m  [["id", 1], ["LIMIT", 1]]
  Rendering articles/show.html.erb within layouts/application
  Rendered articles/show.html.erb within layouts/application (0.9ms)
Completed 200 OK in 24ms (Views: 20.2ms | ActiveRecord: 0.2ms)


Started GET "/articles" for 127.0.0.1 at 2018-03-11 20:00:19 +0100
Processing by ArticlesController#index as HTML
  Rendering articles/index.html.erb within layouts/application
  [1m[36mArticle Load (0.2ms)[0m  [1m[34mSELECT "articles".* FROM "articles"[0m
  Rendered articles/index.html.erb within layouts/application (2.2ms)
Completed 200 OK in 26ms (Views: 23.5ms | ActiveRecord: 0.2ms)


Started GET "/articles/new" for 127.0.0.1 at 2018-03-11 20:00:23 +0100
Processing by ArticlesController#new as HTML
  Rendering articles/new.html.erb within layouts/application
  Rendered articles/_form.html.erb (6.2ms)
  Rendered articles/new.html.erb within layouts/application (9.0ms)
Completed 200 OK in 42ms (Views: 39.1ms | ActiveRecord: 0.0ms)


Started POST "/articles" for 127.0.0.1 at 2018-03-11 20:00:30 +0100
Processing by ArticlesController#create as HTML
  Parameters: {"utf8"=>"✓", "authenticity_token"=>"dgCSGKpIw0bYcQoeddt1Vf3DnTsHzWfGi4rxbPo+P9Z4VXVSukOsZn6VNtEIsyhMvAAmIa5/CHogaSiJkQmYRA==", "article"=>{"article"=>"fromage", "ajoutepar"=>"brigite"}, "commit"=>"Create Article"}
  [1m[35m (0.1ms)[0m  [1m[36mbegin transaction[0m
  [1m[35mSQL (1.2ms)[0m  [1m[32mINSERT INTO "articles" ("article", "ajoutepar", "created_at", "updated_at") VALUES (?, ?, ?, ?)[0m  [["article", "fromage"], ["ajoutepar", "brigite"], ["created_at", "2018-03-11 19:00:30.451273"], ["updated_at", "2018-03-11 19:00:30.451273"]]
  [1m[35m (10.0ms)[0m  [1m[36mcommit transaction[0m
Redirected to http://localhost:3000/articles/2
Completed 302 Found in 16ms (ActiveRecord: 11.4ms)


Started GET "/articles/2" for 127.0.0.1 at 2018-03-11 20:00:30 +0100
Processing by ArticlesController#show as HTML
  Parameters: {"id"=>"2"}
  [1m[36mArticle Load (0.1ms)[0m  [1m[34mSELECT  "articles".* FROM "articles" WHERE "articles"."id" = ? LIMIT ?[0m  [["id", 2], ["LIMIT", 1]]
  Rendering articles/show.html.erb within layouts/application
  Rendered articles/show.html.erb within layouts/application (0.7ms)
Completed 200 OK in 26ms (Views: 24.9ms | ActiveRecord: 0.1ms)


Started GET "/articles" for 127.0.0.1 at 2018-03-11 20:00:32 +0100
Processing by ArticlesController#index as HTML
  Rendering articles/index.html.erb within layouts/application
  [1m[36mArticle Load (0.3ms)[0m  [1m[34mSELECT "articles".* FROM "articles"[0m
  Rendered articles/index.html.erb within layouts/application (2.9ms)
Completed 200 OK in 20ms (Views: 18.6ms | ActiveRecord: 0.3ms)


Started GET "/articles/new" for 127.0.0.1 at 2018-03-11 20:01:02 +0100
Processing by ArticlesController#new as HTML
  Rendering articles/new.html.erb within layouts/application
  Rendered articles/_form.html.erb (2.2ms)
  Rendered articles/new.html.erb within layouts/application (3.4ms)
Completed 200 OK in 21ms (Views: 19.9ms | ActiveRecord: 0.0ms)


Started POST "/articles" for 127.0.0.1 at 2018-03-11 20:01:15 +0100
Processing by ArticlesController#create as HTML
  Parameters: {"utf8"=>"✓", "authenticity_token"=>"MeWWrfNrDiuXrJp9X9TRRlk+qHBfD6X8fJ089kK8uEY/sHHn42BhCzFIprIivIxfGP0Tava9ykDXfuUTKYsf1A==", "article"=>{"article"=>"risotto", "ajoutepar"=>"nadine"}, "commit"=>"Create Article"}
  [1m[35m (0.1ms)[0m  [1m[36mbegin transaction[0m
  [1m[35mSQL (0.8ms)[0m  [1m[32mINSERT INTO "articles" ("article", "ajoutepar", "created_at", "updated_at") VALUES (?, ?, ?, ?)[0m  [["article", "risotto"], ["ajoutepar", "nadine"], ["created_at", "2018-03-11 19:01:15.948184"], ["updated_at", "2018-03-11 19:01:15.948184"]]
  [1m[35m (13.4ms)[0m  [1m[36mcommit transaction[0m
Redirected to http://localhost:3000/articles/3
Completed 302 Found in 17ms (ActiveRecord: 14.3ms)


Started GET "/articles/3" for 127.0.0.1 at 2018-03-11 20:01:15 +0100
Processing by ArticlesController#show as HTML
  Parameters: {"id"=>"3"}
  [1m[36mArticle Load (0.2ms)[0m  [1m[34mSELECT  "articles".* FROM "articles" WHERE "articles"."id" = ? LIMIT ?[0m  [["id", 3], ["LIMIT", 1]]
  Rendering articles/show.html.erb within layouts/application
  Rendered articles/show.html.erb within layouts/application (0.8ms)
Completed 200 OK in 16ms (Views: 13.9ms | ActiveRecord: 0.2ms)


Started GET "/articles" for 127.0.0.1 at 2018-03-11 20:01:18 +0100
Processing by ArticlesController#index as HTML
  Rendering articles/index.html.erb within layouts/application
  [1m[36mArticle Load (0.2ms)[0m  [1m[34mSELECT "articles".* FROM "articles"[0m
  Rendered articles/index.html.erb within layouts/application (2.3ms)
Completed 200 OK in 17ms (Views: 15.8ms | ActiveRecord: 0.2ms)


Started DELETE "/articles/3" for 127.0.0.1 at 2018-03-11 20:01:29 +0100
Processing by ArticlesController#destroy as HTML
  Parameters: {"authenticity_token"=>"6Wgl4LsWYPcG+yh8z2FzjDBfy/5tAUddiD5BSs63fPxzBH1ly1XNLf3PbXGVVFF9s9OUzXur4B78gp7RYCrrVQ==", "id"=>"3"}
  [1m[36mArticle Load (0.2ms)[0m  [1m[34mSELECT  "articles".* FROM "articles" WHERE "articles"."id" = ? LIMIT ?[0m  [["id", 3], ["LIMIT", 1]]
  [1m[35m (0.1ms)[0m  [1m[36mbegin transaction[0m
  [1m[35mSQL (0.3ms)[0m  [1m[31mDELETE FROM "articles" WHERE "articles"."id" = ?[0m  [["id", 3]]
  [1m[35m (10.3ms)[0m  [1m[36mcommit transaction[0m
Redirected to http://localhost:3000/articles
Completed 302 Found in 15ms (ActiveRecord: 10.9ms)


Started GET "/articles" for 127.0.0.1 at 2018-03-11 20:01:29 +0100
Processing by ArticlesController#index as HTML
  Rendering articles/index.html.erb within layouts/application
  [1m[36mArticle Load (0.2ms)[0m  [1m[34mSELECT "articles".* FROM "articles"[0m
  Rendered articles/index.html.erb within layouts/application (2.3ms)
Completed 200 OK in 16ms (Views: 14.2ms | ActiveRecord: 0.2ms)


Started GET "/articles/new" for 127.0.0.1 at 2018-03-11 20:01:44 +0100
Processing by ArticlesController#new as HTML
  Rendering articles/new.html.erb within layouts/application
  Rendered articles/_form.html.erb (3.2ms)
  Rendered articles/new.html.erb within layouts/application (5.0ms)
Completed 200 OK in 31ms (Views: 29.2ms | ActiveRecord: 0.0ms)


Started POST "/articles" for 127.0.0.1 at 2018-03-11 20:01:49 +0100
Processing by ArticlesController#create as HTML
  Parameters: {"utf8"=>"✓", "authenticity_token"=>"QESw20KXqoZQnlBhVMqBIvYvZQa30yzafNXfw5G6TutOEVeRUpzFpvZ6bK4potw7t+zeHB5hQ2bXNgYm+o3peQ==", "article"=>{"article"=>"thon", "ajoutepar"=>"poupouchat"}, "commit"=>"Create Article"}
  [1m[35m (0.1ms)[0m  [1m[36mbegin transaction[0m
  [1m[35mSQL (0.6ms)[0m  [1m[32mINSERT INTO "articles" ("article", "ajoutepar", "created_at", "updated_at") VALUES (?, ?, ?, ?)[0m  [["article", "thon"], ["ajoutepar", "poupouchat"], ["created_at", "2018-03-11 19:01:49.963375"], ["updated_at", "2018-03-11 19:01:49.963375"]]
  [1m[35m (10.1ms)[0m  [1m[36mcommit transaction[0m
Redirected to http://localhost:3000/articles/4
Completed 302 Found in 15ms (ActiveRecord: 10.8ms)


Started GET "/articles/4" for 127.0.0.1 at 2018-03-11 20:01:49 +0100
Processing by ArticlesController#show as HTML
  Parameters: {"id"=>"4"}
  [1m[36mArticle Load (0.2ms)[0m  [1m[34mSELECT  "articles".* FROM "articles" WHERE "articles"."id" = ? LIMIT ?[0m  [["id", 4], ["LIMIT", 1]]
  Rendering articles/show.html.erb within layouts/application
  Rendered articles/show.html.erb within layouts/application (0.8ms)
Completed 200 OK in 16ms (Views: 13.3ms | ActiveRecord: 0.2ms)


Started GET "/articles" for 127.0.0.1 at 2018-03-11 20:01:51 +0100
Processing by ArticlesController#index as HTML
  Rendering articles/index.html.erb within layouts/application
  [1m[36mArticle Load (0.2ms)[0m  [1m[34mSELECT "articles".* FROM "articles"[0m
  Rendered articles/index.html.erb within layouts/application (2.4ms)
Completed 200 OK in 23ms (Views: 21.6ms | ActiveRecord: 0.2ms)


